[INFO][2017-12-05 17:50:06][InsightValueReader.php,getListInfoTypeValue,40][[sublist]There is no key : mobile_app_install
]
[INFO][2017-12-05 17:50:06][InsightValueReader.php,getListInfoTypeValue,40][[sublist]There is no key : mobile_app_install
]
[INFO][2017-12-05 17:50:07][InsightValueReader.php,getListInfoTypeValue,40][[sublist]There is no key : mobile_app_install
]
[INFO][2017-12-05 17:50:07][InsightValueReader.php,getListInfoTypeValue,40][[sublist]There is no key : mobile_app_install
]
[INFO][2017-12-05 17:50:08][InsightValueReader.php,getListInfoTypeValue,40][[sublist]There is no key : mobile_app_install
]
[INFO][2017-12-05 17:50:09][InsightValueReader.php,getAllListValues,215][[list]There is no key: actions
]
[INFO][2017-12-05 17:50:09][InsightValueReader.php,getListInfoTypeValue,40][[sublist]There is no key : mobile_app_install
]
[INFO][2017-12-05 17:50:12][InsightValueReader.php,getListInfoTypeValue,40][[sublist]There is no key : mobile_app_install
]
[INFO][2017-12-05 17:50:13][InsightValueReader.php,getListInfoTypeValue,40][[sublist]There is no key : mobile_app_install
]
[INFO][2017-12-05 17:50:13][InsightValueReader.php,getListInfoTypeValue,40][[sublist]There is no key : mobile_app_install
]
[INFO][2017-12-05 17:50:14][InsightValueReader.php,getListInfoTypeValue,40][[sublist]There is no key : mobile_app_install
]
[INFO][2017-12-05 17:50:15][InsightValueReader.php,getListInfoTypeValue,40][[sublist]There is no key : mobile_app_install
]
[INFO][2017-12-05 17:50:15][InsightValueReader.php,getAllListValues,215][[list]There is no key: actions
]
[INFO][2017-12-05 17:50:15][InsightValueReader.php,getListInfoTypeValue,40][[sublist]There is no key : mobile_app_install
]
[INFO][2017-12-05 17:50:16][InsightValueReader.php,getAllListValues,215][[list]There is no key: actions
]
[INFO][2017-12-05 17:50:16][InsightValueReader.php,getListInfoTypeValue,40][[sublist]There is no key : mobile_app_install
]
[INFO][2017-12-05 17:50:17][InsightValueReader.php,getListInfoTypeValue,40][[sublist]There is no key : mobile_app_install
]
[INFO][2017-12-05 17:50:19][InsightValueReader.php,getListInfoTypeValue,40][[sublist]There is no key : mobile_app_install
]
[INFO][2017-12-05 17:50:21][InsightValueReader.php,getListInfoTypeValue,40][[sublist]There is no key : mobile_app_install
]
[INFO][2017-12-05 17:50:22][InsightValueReader.php,getListInfoTypeValue,40][[sublist]There is no key : mobile_app_install
]
[INFO][2017-12-05 17:50:23][InsightValueReader.php,getListInfoTypeValue,40][[sublist]There is no key : mobile_app_install
]
[INFO][2017-12-05 17:50:25][InsightValueReader.php,getAllListValues,215][[list]There is no key: actions
]
[INFO][2017-12-05 17:50:25][InsightValueReader.php,getListInfoTypeValue,40][[sublist]There is no key : mobile_app_install
]
[INFO][2017-12-05 17:50:26][InsightValueReader.php,getListInfoTypeValue,40][[sublist]There is no key : mobile_app_install
]
[INFO][2017-12-05 17:50:26][InsightValueReader.php,getListInfoTypeValue,40][[sublist]There is no key : mobile_app_install
]
[INFO][2017-12-05 17:50:27][InsightValueReader.php,getListInfoTypeValue,40][[sublist]There is no key : mobile_app_install
]
[INFO][2017-12-05 17:50:27][InsightValueReader.php,getListInfoTypeValue,40][[sublist]There is no key : mobile_app_install
]
[INFO][2017-12-05 17:50:29][InsightValueReader.php,getListInfoTypeValue,40][[sublist]There is no key : mobile_app_install
]
[INFO][2017-12-05 17:50:29][InsightValueReader.php,getListInfoTypeValue,40][[sublist]There is no key : mobile_app_install
]
[INFO][2017-12-05 17:50:30][InsightValueReader.php,getListInfoTypeValue,40][[sublist]There is no key : mobile_app_install
]
[INFO][2017-12-05 17:50:32][InsightValueReader.php,getListInfoTypeValue,40][[sublist]There is no key : mobile_app_install
]
[INFO][2017-12-05 17:50:32][InsightValueReader.php,getListInfoTypeValue,40][[sublist]There is no key : mobile_app_install
]
[INFO][2017-12-05 17:50:33][InsightValueReader.php,getListInfoTypeValue,40][[sublist]There is no key : mobile_app_install
]
[INFO][2017-12-05 17:50:33][InsightValueReader.php,getListInfoTypeValue,40][[sublist]There is no key : mobile_app_install
]
[INFO][2017-12-05 17:53:19][InsightValueReader.php,getAllListValues,215][[list]There is no key: actions
]
[INFO][2017-12-05 17:53:19][InsightValueReader.php,getListInfoTypeValue,40][[sublist]There is no key : mobile_app_install
]
[INFO][2017-12-05 17:53:19][InsightValueReader.php,getAllListValues,215][[list]There is no key: actions
]
[INFO][2017-12-05 17:53:19][InsightValueReader.php,getListInfoTypeValue,40][[sublist]There is no key : mobile_app_install
]
[INFO][2017-12-05 17:53:20][InsightValueReader.php,getAllListValues,215][[list]There is no key: actions
]
[INFO][2017-12-05 17:53:20][InsightValueReader.php,getListInfoTypeValue,40][[sublist]There is no key : mobile_app_install
]
[INFO][2017-12-05 17:53:26][InsightValueReader.php,getAllListValues,215][[list]There is no key: actions
]
[INFO][2017-12-05 17:53:26][InsightValueReader.php,getListInfoTypeValue,40][[sublist]There is no key : mobile_app_install
]
[INFO][2017-12-05 17:53:26][InsightValueReader.php,getAllListValues,215][[list]There is no key: actions
]
[INFO][2017-12-05 17:53:26][InsightValueReader.php,getListInfoTypeValue,40][[sublist]There is no key : mobile_app_install
]
[INFO][2017-12-05 17:53:28][InsightValueReader.php,getAllListValues,215][[list]There is no key: actions
]
[INFO][2017-12-05 17:53:28][InsightValueReader.php,getListInfoTypeValue,40][[sublist]There is no key : mobile_app_install
]
[INFO][2017-12-05 17:53:29][InsightValueReader.php,getListInfoTypeValue,40][[sublist]There is no key : mobile_app_install
]
[INFO][2017-12-05 17:53:31][InsightValueReader.php,getListInfoTypeValue,40][[sublist]There is no key : mobile_app_install
]
[INFO][2017-12-05 17:53:37][InsightValueReader.php,getAllListValues,215][[list]There is no key: actions
]
[INFO][2017-12-05 17:53:37][InsightValueReader.php,getListInfoTypeValue,40][[sublist]There is no key : mobile_app_install
]
[INFO][2017-12-05 17:53:37][InsightValueReader.php,getAllListValues,215][[list]There is no key: actions
]
[INFO][2017-12-05 17:53:37][InsightValueReader.php,getListInfoTypeValue,40][[sublist]There is no key : mobile_app_install
]
[INFO][2017-12-05 17:53:38][InsightValueReader.php,getListInfoTypeValue,40][[sublist]There is no key : mobile_app_install
]
[INFO][2017-12-05 17:53:38][InsightValueReader.php,getAllListValues,215][[list]There is no key: actions
]
[INFO][2017-12-05 17:53:38][InsightValueReader.php,getListInfoTypeValue,40][[sublist]There is no key : mobile_app_install
]
[INFO][2017-12-05 17:53:39][InsightValueReader.php,getAllListValues,215][[list]There is no key: actions
]
[INFO][2017-12-05 17:53:39][InsightValueReader.php,getListInfoTypeValue,40][[sublist]There is no key : mobile_app_install
]
[INFO][2017-12-05 17:53:40][InsightValueReader.php,getListInfoTypeValue,40][[sublist]There is no key : mobile_app_install
]
[INFO][2017-12-05 17:53:40][InsightValueReader.php,getListInfoTypeValue,40][[sublist]There is no key : mobile_app_install
]
[INFO][2017-12-05 17:53:41][InsightValueReader.php,getAllListValues,215][[list]There is no key: actions
]
[INFO][2017-12-05 17:53:41][InsightValueReader.php,getListInfoTypeValue,40][[sublist]There is no key : mobile_app_install
]
[INFO][2017-12-05 17:53:42][InsightValueReader.php,getListInfoTypeValue,40][[sublist]There is no key : mobile_app_install
]
[INFO][2017-12-05 17:53:45][InsightValueReader.php,getListInfoTypeValue,40][[sublist]There is no key : mobile_app_install
]
[INFO][2017-12-05 17:53:47][InsightValueReader.php,getListInfoTypeValue,40][[sublist]There is no key : mobile_app_install
]
[INFO][2017-12-05 17:53:48][InsightValueReader.php,getAllListValues,215][[list]There is no key: actions
]
[INFO][2017-12-05 17:53:48][InsightValueReader.php,getListInfoTypeValue,40][[sublist]There is no key : mobile_app_install
]
[INFO][2017-12-05 17:53:50][InsightValueReader.php,getListInfoTypeValue,40][[sublist]There is no key : mobile_app_install
]
[INFO][2017-12-05 17:53:52][InsightValueReader.php,getListInfoTypeValue,40][[sublist]There is no key : mobile_app_install
]
[INFO][2017-12-05 17:53:52][InsightValueReader.php,getListInfoTypeValue,40][[sublist]There is no key : mobile_app_install
]
[INFO][2017-12-05 17:53:53][InsightValueReader.php,getListInfoTypeValue,40][[sublist]There is no key : mobile_app_install
]
[INFO][2017-12-05 17:55:09][InsightValueReader.php,getListInfoTypeValue,40][[sublist]There is no key : mobile_app_install
]
[INFO][2017-12-05 17:55:10][InsightValueReader.php,getListInfoTypeValue,40][[sublist]There is no key : mobile_app_install
]
[INFO][2017-12-05 17:55:10][InsightValueReader.php,getListInfoTypeValue,40][[sublist]There is no key : mobile_app_install
]
[INFO][2017-12-05 17:55:11][InsightValueReader.php,getListInfoTypeValue,40][[sublist]There is no key : mobile_app_install
]
[INFO][2017-12-05 17:55:12][InsightValueReader.php,getListInfoTypeValue,40][[sublist]There is no key : mobile_app_install
]
[INFO][2017-12-05 17:55:14][InsightValueReader.php,getListInfoTypeValue,40][[sublist]There is no key : mobile_app_install
]
[INFO][2017-12-05 17:55:15][InsightValueReader.php,getListInfoTypeValue,40][[sublist]There is no key : mobile_app_install
]
[INFO][2017-12-05 17:55:16][InsightValueReader.php,getListInfoTypeValue,40][[sublist]There is no key : mobile_app_install
]
[INFO][2017-12-05 17:55:16][InsightValueReader.php,getListInfoTypeValue,40][[sublist]There is no key : mobile_app_install
]
[INFO][2017-12-05 17:55:18][InsightValueReader.php,getListInfoTypeValue,40][[sublist]There is no key : mobile_app_install
]
[INFO][2017-12-05 17:55:19][InsightValueReader.php,getListInfoTypeValue,40][[sublist]There is no key : mobile_app_install
]
[INFO][2017-12-05 18:01:06][InsightValueReader.php,getListInfoTypeValue,40][[sublist]There is no key : mobile_app_install
]
[INFO][2017-12-05 18:01:08][InsightValueReader.php,getListInfoTypeValue,40][[sublist]There is no key : mobile_app_install
]
[INFO][2017-12-05 18:01:10][InsightValueReader.php,getListInfoTypeValue,40][[sublist]There is no key : mobile_app_install
]
[INFO][2017-12-05 18:01:18][InsightValueReader.php,getListInfoTypeValue,40][[sublist]There is no key : mobile_app_install
]
[INFO][2017-12-05 18:01:18][InsightValueReader.php,getListInfoTypeValue,40][[sublist]There is no key : mobile_app_install
]
[INFO][2017-12-05 18:01:19][InsightValueReader.php,getListInfoTypeValue,40][[sublist]There is no key : mobile_app_install
]
[INFO][2017-12-05 18:01:21][InsightValueReader.php,getListInfoTypeValue,40][[sublist]There is no key : mobile_app_install
]
[ERROR][2017-12-05 18:21:22][AdInsightManager.php,writeExceptionLog,191][Exception Info : SSLRead() return error -9806 ; 28 ; /Users/yuanyuan/Eli/EliPHPProject/sdk/facebook/vendor/facebook/php-ads-sdk/src/FacebookAds/Http/Adapter/CurlAdapter.php ; 196]
[ERROR][2017-12-05 18:21:22][ReporterInsightHelper.php,getAllFiledInsight,152][Failed to get flexible insight by id: 23842579540200758; node type: exportCampaign]
[ERROR][2017-12-05 18:21:22][ReporterInsightHelper.php,getOneCampaignData,111][Exception to query campaign insight: 23842579540200758]
