[ERROR][2017-07-24 15:33:01][AdCampaignManager.php,writeExceptionLog,135][Exception Info : Connection timed out after 10001 milliseconds ; 28 ; /Users/yuanyuan/Eli/EliPHPProject/sdk/facebook/vendor/facebook/php-ads-sdk/src/FacebookAds/Http/Adapter/CurlAdapter.php ; 196]
[INFO][2017-07-24 15:33:01][AdManagerFacade.php,getCampaignIdsByAccount,323][There is no campaign got by accountID: act_783764875138673]
[ERROR][2017-07-24 15:33:11][AdCampaignManager.php,writeExceptionLog,135][Exception Info : Connection timed out after 10003 milliseconds ; 28 ; /Users/yuanyuan/Eli/EliPHPProject/sdk/facebook/vendor/facebook/php-ads-sdk/src/FacebookAds/Http/Adapter/CurlAdapter.php ; 196]
[INFO][2017-07-24 15:33:11][AdManagerFacade.php,getCampaignIdsByAccount,323][There is no campaign got by accountID: act_783764881805339]
[ERROR][2017-07-24 15:33:21][AdCampaignManager.php,writeExceptionLog,135][Exception Info : Connection timed out after 10004 milliseconds ; 28 ; /Users/yuanyuan/Eli/EliPHPProject/sdk/facebook/vendor/facebook/php-ads-sdk/src/FacebookAds/Http/Adapter/CurlAdapter.php ; 196]
[INFO][2017-07-24 15:33:21][AdManagerFacade.php,getCampaignIdsByAccount,323][There is no campaign got by accountID: act_783764878472006]
[ERROR][2017-07-24 15:38:09][AdSetManager.php,writeExceptionLog,215][Exception Info : Operation timed out after 60000 milliseconds with 16384 out of 47021 bytes received ; 28 ; /Users/yuanyuan/Eli/EliPHPProject/sdk/facebook/vendor/facebook/php-ads-sdk/src/FacebookAds/Http/Adapter/CurlAdapter.php ; 196]
[INFO][2017-07-24 15:41:32][updateByName.php,pauseAdsetByName,5][@@@@@@Succeed to pause adset:ID_F_20170716_0959_MB_4565YNF9_FB_Oi_Cim_beautyGirl]
[INFO][2017-07-24 15:41:33][updateByName.php,pauseAdsetByName,5][@@@@@@Succeed to pause adset:ID_F_20170716_1054_MB_4565YNF9_FB_Oi_Cim_stickersEye]
[INFO][2017-07-24 15:41:34][updateByName.php,pauseAdsetByName,5][@@@@@@Succeed to pause adset:ID_F_20170716_1832_MB_3544YNF9_FB_Oi_Cim_beautyFlowers]
[INFO][2017-07-24 15:41:35][updateByName.php,pauseAdsetByName,5][@@@@@@Succeed to pause adset:ID_F_20170717_2318_MB_3544YNF9_FB_Oi_Cim_danceOutdoor]
[INFO][2017-07-24 15:41:36][updateByName.php,pauseAdsetByName,5][@@@@@@Succeed to pause adset:ID_F_20170716_1005_MB_2534YNF9_FB_Oi_Cim_comedyBlue]
[INFO][2017-07-24 15:41:37][updateByName.php,pauseAdsetByName,5][@@@@@@Succeed to pause adset:ID_F_20170716_1100_MB_2534YNF9_FB_Oi_Cim_comedyGlasses]
[INFO][2017-07-24 15:41:38][updateByName.php,pauseAdsetByName,5][@@@@@@Succeed to pause adset:ID_F_20170716_1100_MB_2534YNF9_FB_Oi_Cim_comedyPurple]
[INFO][2017-07-24 15:41:40][updateByName.php,pauseAdsetByName,5][@@@@@@Succeed to pause adset:ID_F_20170716_1008_MB_1824YNF9_FB_Oi_Cim_singingBoy]
[INFO][2017-07-24 15:41:41][updateByName.php,pauseAdsetByName,5][@@@@@@Succeed to pause adset:ID_F_20170715_2140_MB_1317YNF9_FB_Oi_Cim_stickersBoy]
[INFO][2017-07-24 15:41:42][updateByName.php,pauseAdsetByName,5][@@@@@@Succeed to pause adset:ID_F_20170716_1108_MB_1317YNF9_FB_Oi_Cim_stickersKid]
[INFO][2017-07-24 15:41:44][updateByName.php,pauseAdsetByName,5][@@@@@@Succeed to pause adset:ID_F_20170716_1837_MB_1317YNF9_FB_Oi_Cim_stickersEarrings]
[INFO][2017-07-24 15:41:45][updateByName.php,pauseAdsetByName,5][@@@@@@Succeed to pause adset:ID_F_20170715_2139_MB_ALL_FB_Oi_Cim_stickersChild]
[INFO][2017-07-24 15:41:46][updateByName.php,pauseAdsetByName,5][@@@@@@Succeed to pause adset:ID_F_20170716_1011_MB_ALL_FB_Oi_Cim_beautyGirl]
[INFO][2017-07-24 15:41:47][updateByName.php,pauseAdsetByName,5][@@@@@@Succeed to pause adset:ID_F_20170716_1108_MB_ALL_FB_Oi_Cim_comedyEating]
[INFO][2017-07-24 15:41:48][updateByName.php,pauseAdsetByName,5][@@@@@@Succeed to pause adset:ID_F_20170716_1110_MB_ALL_FB_Oi_Cim_stickersHome]
[INFO][2017-07-24 15:41:49][updateByName.php,pauseAdsetByName,5][@@@@@@Succeed to pause adset:ID_M_20170715_2145_MB_ALL_FB_Oi_Cim_stickersBoy]
[INFO][2017-07-24 15:41:50][updateByName.php,pauseAdsetByName,5][@@@@@@Succeed to pause adset:ID_M_20170716_1840_MB_ALL_FB_Oi_Cim_beautyFlowers]
[INFO][2017-07-24 15:41:51][updateByName.php,pauseAdsetByName,5][@@@@@@Succeed to pause adset:ID_M_20170716_1116_MB_3544YNM9_FB_Oi_Cim_beautyStickers]
[INFO][2017-07-24 15:41:53][updateByName.php,pauseAdsetByName,5][@@@@@@Succeed to pause adset:ID_M_20170716_1844_MB_3544YNM9_FB_Oi_Cim_stickersMan]
[INFO][2017-07-24 15:41:54][updateByName.php,pauseAdsetByName,5][@@@@@@Succeed to pause adset:ID_M_20170716_1021_MB_2534YNM9_FB_Oi_Cim_dancePeople]
[INFO][2017-07-24 15:41:55][updateByName.php,pauseAdsetByName,5][@@@@@@Succeed to pause adset:ID_M_20170715_2147_MB_1824YNM9_FB_Oi_Cim_stickersGirl]
[INFO][2017-07-24 15:41:57][updateByName.php,pauseAdsetByName,5][@@@@@@Succeed to pause adset:ID_M_20170716_1023_MB_1824YNM9_FB_Oi_Cim_comedyBigFace]
[INFO][2017-07-24 15:41:58][updateByName.php,pauseAdsetByName,5][@@@@@@Succeed to pause adset:ID_M_20170716_1023_MB_1824YNM9_FB_Oi_Cim_comedyBlue]
[INFO][2017-07-24 15:41:59][updateByName.php,pauseAdsetByName,5][@@@@@@Succeed to pause adset:ID_M_20170716_1125_MB_1317YNM9_FB_Oi_Cim_comedyEating]
[INFO][2017-07-24 15:42:00][updateByName.php,pauseAdsetByName,5][@@@@@@Succeed to pause adset:ID2_F_20170707_2200_MB_LL10YNF92544_Oi_Cim_eyeStickers]
[INFO][2017-07-24 15:42:02][updateByName.php,pauseAdsetByName,5][@@@@@@Succeed to pause adset:ID2_F_20170707_2229_MB_LL10YNF92544_Oi_Cim_eyesComedy]
[INFO][2017-07-24 15:42:03][updateByName.php,pauseAdsetByName,5][@@@@@@Succeed to pause adset:ID2_F_20170707_2230_MB_LL10YNF92544_Oi_Cim_talkBeauty]
[INFO][2017-07-24 15:42:04][updateByName.php,pauseAdsetByName,5][@@@@@@Succeed to pause adset:ID2_M_20170707_2202_MB_LL10YNM92544_Oi_Cim_familyStickers]
[INFO][2017-07-24 15:42:05][updateByName.php,pauseAdsetByName,5][@@@@@@Succeed to pause adset:ID2_M_20170707_2230_MB_LL10YNM92544_Oi_Cim_eyesBeauty]
[INFO][2017-07-24 15:42:06][updateByName.php,pauseAdsetByName,5][@@@@@@Succeed to pause adset:ID2_M_20170707_2157_MB_LL10DT7m_Oi_Cim_eyeStickers]
[INFO][2017-07-24 15:42:07][updateByName.php,pauseAdsetByName,5][@@@@@@Succeed to pause adset:ID2_M_20170707_2228_MB_LL10DT7m_Oi_Cim_mouthStickers]
[INFO][2017-07-24 15:42:08][updateByName.php,pauseAdsetByName,5][@@@@@@Succeed to pause adset:ID2_M_20170707_2228_MB_LL10DT7m_Oi_Cim_talkBeauty]
[INFO][2017-07-24 15:42:09][updateByName.php,pauseAdsetByName,5][@@@@@@Succeed to pause adset:ID2_F_20170707_2154_MB_LL10DT8f_Oi_Cim_familyStickers]
[INFO][2017-07-24 15:42:10][updateByName.php,pauseAdsetByName,5][@@@@@@Succeed to pause adset:ID2_F_20170707_2205_MB_All_Oi_Cim_familyStickers]
[INFO][2017-07-24 15:42:11][updateByName.php,pauseAdsetByName,5][@@@@@@Succeed to pause adset:ID2_F_20170707_2232_MB_All_Oi_Cim_glassesComedy]
[INFO][2017-07-24 15:42:12][updateByName.php,pauseAdsetByName,5][@@@@@@Succeed to pause adset:ID2_M_20170707_2100_MB_All_Oi_Cim_skinStickers]
[INFO][2017-07-24 15:42:14][updateByName.php,pauseAdsetByName,5][@@@@@@Succeed to pause adset:ID2_M_20170707_2208_MB_All_Oi_Cim_manSinging]
[INFO][2017-07-24 15:42:15][updateByName.php,pauseAdsetByName,5][@@@@@@Succeed to pause adset:ID_M_20170622_1954_MB_All_Oi_Cim_carf_comedy]
[INFO][2017-07-24 15:42:17][updateByName.php,pauseAdsetByName,5][@@@@@@Succeed to pause adset:ID_M_20170704_1432_MB_LL10YNM92544_Oi_Cim_aircraftSinging]
[INFO][2017-07-24 15:42:18][updateByName.php,pauseAdsetByName,5][@@@@@@Succeed to pause adset:ID_M_20170704_1713_MB_LL10DT7m_Oi_Cim_bigeyesBeauty]
[INFO][2017-07-24 15:42:19][updateByName.php,pauseAdsetByName,5][@@@@@@Succeed to pause adset:ID_M_20170704_1716_MB_LL10DT7m_Oi_Cim_laughComedy]
[INFO][2017-07-24 15:42:20][updateByName.php,pauseAdsetByName,5][@@@@@@Succeed to pause adset:ID_M_20170704_1717_MB_LL10DT7m_Oi_Cim_scarfStickers]
[INFO][2017-07-24 15:42:21][updateByName.php,pauseAdsetByName,5][@@@@@@Succeed to pause adset:ID_M_20170706_1647_MB_LL10DT7m_Oi_Cim_babyStickers2]
[INFO][2017-07-24 15:42:22][updateByName.php,pauseAdsetByName,5][@@@@@@Succeed to pause adset:ID_M_20170707_1631_MB_LL10YNM92544_Oi_Cim_greenComedy]
[INFO][2017-07-24 15:42:23][updateByName.php,pauseAdsetByName,5][@@@@@@Succeed to pause adset:ID_M_20170710_1115_MB_All_Oi_Cim_childStickers]
[INFO][2017-07-24 15:42:25][updateByName.php,pauseAdsetByName,5][@@@@@@Succeed to pause adset:ID_M_20170710_1115_MB_All_Oi_Cim_flowerComedy]
[INFO][2017-07-24 15:42:26][updateByName.php,pauseAdsetByName,5][@@@@@@Succeed to pause adset:ID_M_20170711_0916_MB_LL10YNM92544_Oi_Cim_glassesBeauty]
[INFO][2017-07-24 15:42:27][updateByName.php,pauseAdsetByName,5][@@@@@@Succeed to pause adset:ID_M_20170711_0931_MB_All_Oi_Cim_songBeauty]
[INFO][2017-07-24 15:42:28][updateByName.php,pauseAdsetByName,5][@@@@@@Succeed to pause adset:ID_M_20170711_1448_MB_All_Oi_Cim_blackBeauty]
[INFO][2017-07-24 15:42:29][updateByName.php,pauseAdsetByName,5][@@@@@@Succeed to pause adset:ID_M_20170712_1016_MB_All_Oi_Cim_youngStickers]
[INFO][2017-07-24 15:42:30][updateByName.php,pauseAdsetByName,5][@@@@@@Succeed to pause adset:ID_M_20170713_2117_MB_LL10DT7m_Oi_Cim_mouthComedy]
[INFO][2017-07-24 15:42:31][updateByName.php,pauseAdsetByName,5][@@@@@@Succeed to pause adset:ID_M_20170713_2131_MB_All_Oi_Cim_toothComedy]
[INFO][2017-07-24 15:42:32][updateByName.php,pauseAdsetByName,5][@@@@@@Succeed to pause adset:ID_M_20170714_1753_MB_All_Oi_Cim_childComedy]
[INFO][2017-07-24 15:42:34][updateByName.php,pauseAdsetByName,5][@@@@@@Succeed to pause adset:ID_M_20170715_0807_MB_LL10DT7m_Oi_Cim_beautyVideo]
[INFO][2017-07-24 15:42:35][updateByName.php,pauseAdsetByName,5][@@@@@@Succeed to pause adset:ID_M_20170715_0808_MB_LL10DT7m_Oi_Cim_comedyMask]
[INFO][2017-07-24 15:42:36][updateByName.php,pauseAdsetByName,5][@@@@@@Succeed to pause adset:ID_M_20170716_0830_MB_LL10YNM92544_Oi_Cim_comedyMouth]
[INFO][2017-07-24 15:42:37][updateByName.php,pauseAdsetByName,5][@@@@@@Succeed to pause adset:ID_M_20170716_0846_MB_All_Oi_Cim_comedyEyes]
[INFO][2017-07-24 15:42:38][updateByName.php,pauseAdsetByName,5][@@@@@@Succeed to pause adset:ID_M_20170716_1217_MB_All_Oi_Cim_comedyGreen]
[INFO][2017-07-24 15:42:39][updateByName.php,pauseAdsetByName,5][@@@@@@Succeed to pause adset:ID_F_20170628_1347_MB_All_Oi_Cim_blackComedy]
[INFO][2017-07-24 15:42:41][updateByName.php,pauseAdsetByName,5][@@@@@@Succeed to pause adset:ID_F_20170630_2144_MB_All_Oi_Cim_eyeComedy]
[INFO][2017-07-24 15:42:42][updateByName.php,pauseAdsetByName,5][@@@@@@Succeed to pause adset:ID_F_20170704_1456_MB_LL10YNF92544_Oi_Cim_girlComedy]
[INFO][2017-07-24 15:42:43][updateByName.php,pauseAdsetByName,5][@@@@@@Succeed to pause adset:ID_F_20170707_1426_MB_LL10YNF92544_Oi_Cim_eyeStickers]
[INFO][2017-07-24 15:42:44][updateByName.php,pauseAdsetByName,5][@@@@@@Succeed to pause adset:ID_F_20170707_1603_MB_LL10DT8f_Oi_Cim_wifeStickers]
[INFO][2017-07-24 15:42:45][updateByName.php,pauseAdsetByName,5][@@@@@@Succeed to pause adset:ID_F_20170707_1653_MB_All_Oi_Cim_speech_pinkBeauty]
[INFO][2017-07-24 15:42:46][updateByName.php,pauseAdsetByName,5][@@@@@@Succeed to pause adset:ID_F_20170709_1532_MB_LL10YNF92544_Oi_Cim_eyesComedy]
[INFO][2017-07-24 15:42:47][updateByName.php,pauseAdsetByName,5][@@@@@@Succeed to pause adset:ID_F_20170711_0903_MB_LL10DT8f_Oi_Cim_familyStickers]
[INFO][2017-07-24 15:42:48][updateByName.php,pauseAdsetByName,5][@@@@@@Succeed to pause adset:ID_F_20170711_1406_MB_LL10DT8f_Oi_Cim_purpleBeauty]
[INFO][2017-07-24 15:42:49][updateByName.php,pauseAdsetByName,5][@@@@@@Succeed to pause adset:ID_F_20170711_1416_MB_LL10YNF92544_Oi_Cim_eyesBeauty]
[INFO][2017-07-24 15:42:50][updateByName.php,pauseAdsetByName,5][@@@@@@Succeed to pause adset:ID_F_20170712_1505_MB_All_Oi_Cim_friendsStickers]
[INFO][2017-07-24 15:42:51][updateByName.php,pauseAdsetByName,5][@@@@@@Succeed to pause adset:ID_F_20170712_2305_MB_All_Oi_Cim_kissStickers]
[INFO][2017-07-24 15:42:53][updateByName.php,pauseAdsetByName,5][@@@@@@Succeed to pause adset:ID_F_20170712_2329_MB_LL10YNF92544_Oi_Cim_beautyStickers]
[INFO][2017-07-24 15:42:54][updateByName.php,pauseAdsetByName,5][@@@@@@Succeed to pause adset:ID_F_20170714_1725_MB_LL10DT8f_Oi_Cim_manDance]
[INFO][2017-07-24 15:42:55][updateByName.php,pauseAdsetByName,5][@@@@@@Succeed to pause adset:ID_F_20170716_0814_MB_LL10DT8f_Oi_Cim_comedyMan]
[INFO][2017-07-24 15:42:56][updateByName.php,pauseAdsetByName,5][@@@@@@Succeed to pause adset:ID_F_20170716_0838_MB_All_Oi_Cim_comedyGreen]
[INFO][2017-07-24 15:42:57][updateByName.php,pauseAdsetByName,5][@@@@@@Succeed to pause adset:ID_F_20170716_0840_MB_All_Oi_Cim_comedyScarf]
[INFO][2017-07-24 15:42:58][updateByName.php,pauseAdsetByName,5][@@@@@@Succeed to pause adset:ID_F_20170716_1146_MB_LL10DT8f_Oi_Cim_stickersSon]
[INFO][2017-07-24 15:42:59][updateByName.php,pauseAdsetByName,5][@@@@@@Succeed to pause adset:ID_F_20170716_1157_MB_LL10YNF92544_Oi_Cim_comedyGreen]
[INFO][2017-07-24 15:43:00][updateByName.php,pauseAdsetByName,5][@@@@@@Succeed to pause adset:ID_F_20170716_1159_MB_LL10YNF92544_Oi_Cim_stickersBoy]
