[INFO][2017-07-27 19:58:49][updateByName.php,pauseAdsetByName,5][@@@@@@Succeed to pause adset:ID_F_20170716_1059_MB_2534YNF9_FB_Oi_Cim_beautyStickers]
[INFO][2017-07-27 19:58:50][updateByName.php,pauseAdsetByName,5][@@@@@@Succeed to pause adset:ID_F_20170716_1838_MB_ALL_FB_Oi_Cim_beautyFlowers]
[INFO][2017-07-27 19:58:51][updateByName.php,pauseAdsetByName,5][@@@@@@Succeed to pause adset:ID_M_20170716_1014_MB_ALL_FB_Oi_Cim_comedyBlue]
[INFO][2017-07-27 19:58:52][updateByName.php,pauseAdsetByName,5][@@@@@@Succeed to pause adset:ID_M_20170716_1117_MB_3544YNM9_FB_Oi_Cim_comedyPurple]
[INFO][2017-07-27 19:58:54][updateByName.php,pauseAdsetByName,5][@@@@@@Succeed to pause adset:ID_M_20170720_1627_MB_2534YNM9_FB_Oi_Cim_comedyMan]
[INFO][2017-07-27 19:58:55][updateByName.php,pauseAdsetByName,5][@@@@@@Succeed to pause adset:ID_M_20170716_1848_MB_1317YNM9_FB_Oi_Cim_stickersEarrings]
[INFO][2017-07-27 19:58:57][updateByName.php,pauseAdsetByName,5][@@@@@@Succeed to pause adset:ID2_F_20170707_2100_MB_LL10YNF92544_Oi_Cim_skinStickers]
[INFO][2017-07-27 19:58:58][updateByName.php,pauseAdsetByName,5][@@@@@@Succeed to pause adset:ID_M_20170702_2353_MB_LL10DT7m_Oi_Cim_daughter_comedy]
[INFO][2017-07-27 19:58:59][updateByName.php,pauseAdsetByName,5][@@@@@@Succeed to pause adset:ID_M_20170707_1502_MB_All_Oi_Cim_SoldiersComedy]
[INFO][2017-07-27 19:59:00][updateByName.php,pauseAdsetByName,5][@@@@@@Succeed to pause adset:ID_M_20170707_1616_MB_LL10DT7m_Oi_Cim_childSinging]
[INFO][2017-07-27 19:59:02][updateByName.php,pauseAdsetByName,5][@@@@@@Succeed to pause adset:ID_M_20170707_1713_MB_All_Oi_Cim_twoStickers]
[INFO][2017-07-27 19:59:03][updateByName.php,pauseAdsetByName,5][@@@@@@Succeed to pause adset:ID_M_20170710_1048_MB_LL10DT7m_Oi_Cim_manSinging]
[INFO][2017-07-27 19:59:04][updateByName.php,pauseAdsetByName,5][@@@@@@Succeed to pause adset:ID_M_20170711_0930_MB_All_Oi_Cim_mouthStickers]
[INFO][2017-07-27 19:59:05][updateByName.php,pauseAdsetByName,5][@@@@@@Succeed to pause adset:ID_M_20170711_1419_MB_LL10YNM92544_Oi_Cim_cryComedy]
[INFO][2017-07-27 19:59:06][updateByName.php,pauseAdsetByName,5][@@@@@@Succeed to pause adset:ID_M_20170711_2051_MB_LL10DT7m_Oi_Cim_coupleStickers]
[INFO][2017-07-27 19:59:07][updateByName.php,pauseAdsetByName,5][@@@@@@Succeed to pause adset:ID_M_20170712_1504_MB_LL10YNM92544_Oi_Cim_grayStickers]
[INFO][2017-07-27 19:59:08][updateByName.php,pauseAdsetByName,5][@@@@@@Succeed to pause adset:ID_M_20170715_0830_MB_All_Oi_Cim_singingWomen]
[INFO][2017-07-27 19:59:10][updateByName.php,pauseAdsetByName,5][@@@@@@Succeed to pause adset:ID_M_20170720_1204_MB_LL10DT7m_Oi_Cim_comedyboy]
[INFO][2017-07-27 19:59:11][updateByName.php,pauseAdsetByName,5][@@@@@@Succeed to pause adset:ID_F_20170630_2143_MB_All_Oi_Cim_aircraftSinging]
[INFO][2017-07-27 19:59:12][updateByName.php,pauseAdsetByName,5][@@@@@@Succeed to pause adset:ID_F_20170702_2340_MB_All_Oi_Cim_scarf_stickers]
[INFO][2017-07-27 19:59:13][updateByName.php,pauseAdsetByName,5][@@@@@@Succeed to pause adset:ID_F_20170702_2341_MB_All_Oi_Cim_watch_stickers]
[INFO][2017-07-27 19:59:14][updateByName.php,pauseAdsetByName,5][@@@@@@Succeed to pause adset:ID_F_20170706_1636_MB_LL10DT8f_Oi_Cim_manComedy]
[INFO][2017-07-27 19:59:15][updateByName.php,pauseAdsetByName,5][@@@@@@Succeed to pause adset:ID_F_20170712_2307_MB_All_Oi_Cim_sonStickers]
[INFO][2017-07-27 19:59:16][updateByName.php,pauseAdsetByName,5][@@@@@@Succeed to pause adset:ID_F_20170713_2125_MB_All_Oi_Cim_brownComedy]
[INFO][2017-07-27 19:59:17][updateByName.php,pauseAdsetByName,5][@@@@@@Succeed to pause adset:ID_F_20170716_0827_MB_LL10YNF92544_Oi_Cim_comedyMouth]
[INFO][2017-07-27 19:59:18][updateByName.php,pauseAdsetByName,5][@@@@@@Succeed to pause adset:ID_F_20170716_1209_MB_All_Oi_Cim_comedyLaugh]
[INFO][2017-07-27 19:59:19][updateByName.php,pauseAdsetByName,5][@@@@@@Succeed to pause adset:ID_F_20170720_1056_MB_LL10YNF92544_Oi_Cim_stickersDaughter]
[INFO][2017-07-27 19:59:21][updateByName.php,pauseAdsetByName,5][@@@@@@Succeed to pause adset:ID_F_20170720_1206_MB_LL10YNF92544_Oi_Cim_beautyPink]
